-I: Adding /usr/local/amber11/dat/leap/prep to search path.
-I: Adding /usr/local/amber11/dat/leap/lib to search path.
-I: Adding /usr/local/amber11/dat/leap/parm to search path.
-I: Adding /usr/local/amber11/dat/leap/cmd to search path.
-f: Source setup.leap.in.

Welcome to LEaP!
(no leaprc in search path)
Sourcing: ./setup.leap.in
----- Source: /usr/local/amber11/dat/leap/cmd/leaprc.ff99SB
----- Source of /usr/local/amber11/dat/leap/cmd/leaprc.ff99SB done
Log file: ./leap.log
Loading parameters: /usr/local/amber11/dat/leap/parm/parm99.dat
Reading title:
PARM99 for DNA,RNA,AA, organic molecules, TIP3P wat. Polariz.& LP incl.02/04/99
Loading parameters: /usr/local/amber11/dat/leap/parm/frcmod.ff99SB
Reading force field modification type file (frcmod)
Reading title:
Modification/update of parm99.dat (Hornak & Simmerling)
Loading library: /usr/local/amber11/dat/leap/lib/all_nucleic94.lib
Loading library: /usr/local/amber11/dat/leap/lib/all_amino94.lib
Loading library: /usr/local/amber11/dat/leap/lib/all_aminoct94.lib
Loading library: /usr/local/amber11/dat/leap/lib/all_aminont94.lib
Loading library: /usr/local/amber11/dat/leap/lib/ions94.lib
Loading library: /usr/local/amber11/dat/leap/lib/solvents.lib
----- Source: /usr/local/amber11/dat/leap/cmd/leaprc.gaff
----- Source of /usr/local/amber11/dat/leap/cmd/leaprc.gaff done
Log file: ./leap.log
Loading parameters: /usr/local/amber11/dat/leap/parm/gaff.dat
Reading title:
AMBER General Force Field for organic molecules (Version 1.4, March 2010) add. info. at the end
Using H(N)-modified Bondi radii
Loading PDB file: ../../../test/3NF8_A.modeller.pdb
  total atoms in file: 1410
  Leap added 1384 missing atoms according to residue templates:
       1384 H / lone pairs
Loading PDB file: ../../../test/3NF8_B.modeller.pdb
  total atoms in file: 1410
  Leap added 1384 missing atoms according to residue templates:
       1384 H / lone pairs
Loading parameters: ./ligand.frcmod
Reading force field modification type file (frcmod)
Reading title:
remark goes here
Loading Mol2 file: ./ligand.gaff.mol2
Reading MOLECULE named AVX-17557_3
Checking 'complex'....
WARNING: The unperturbed charge of the unit: -1.999977 is not zero.
Warning: Close contact of 0.218948 angstroms between .R<CGLU 366>.A<OXT 16> and .R<THR 181>.A<HG22 9>
Warning: Close contact of 1.440785 angstroms between .R<CGLU 366>.A<OXT 16> and .R<THR 181>.A<CG2 7>
Warning: Close contact of 2.112626 angstroms between .R<CGLU 366>.A<OXT 16> and .R<MOL 367>.A<H23 54>
Warning: Close contact of 1.370197 angstroms between .R<CGLU 366>.A<OXT 16> and .R<MOL 367>.A<H22 53>
Warning: Close contact of 1.938966 angstroms between .R<CGLU 366>.A<OXT 16> and .R<MOL 367>.A<H21 52>
Warning: Close contact of 1.899117 angstroms between .R<CGLU 366>.A<OXT 16> and .R<MOL 367>.A<C24 24>
Warning: Close contact of 1.089611 angstroms between .R<CGLU 366>.A<OXT 16> and .R<MOL 367>.A<C23 23>
Warning: Close contact of 0.309914 angstroms between .R<CGLU 366>.A<C 14> and .R<MOL 367>.A<H22 53>
Warning: Close contact of 1.853836 angstroms between .R<CGLU 366>.A<C 14> and .R<MOL 367>.A<C23 23>
Warning: Close contact of 2.212049 angstroms between .R<CGLU 366>.A<OE1 12> and .R<GLN 180>.A<HE21 14>
Warning: Close contact of 1.869058 angstroms between .R<CGLU 366>.A<HG3 10> and .R<GLN 180>.A<HE22 15>
Warning: Close contact of 2.086140 angstroms between .R<LYS 365>.A<HZ3 20> and .R<MOL 367>.A<H8 39>
Warning: Close contact of 1.932175 angstroms between .R<LYS 365>.A<HZ3 20> and .R<MOL 367>.A<C15 15>
Warning: Close contact of 1.288727 angstroms between .R<LYS 365>.A<HZ3 20> and .R<MOL 367>.A<C8 8>
Warning: Close contact of 2.017829 angstroms between .R<LYS 365>.A<HZ3 20> and .R<MOL 367>.A<C3 3>
Warning: Close contact of 1.158772 angstroms between .R<LYS 365>.A<HZ2 19> and .R<MOL 367>.A<C8 8>
Warning: Close contact of 1.875269 angstroms between .R<LYS 365>.A<HZ2 19> and .R<MOL 367>.A<C3 3>
Warning: Close contact of 1.812484 angstroms between .R<LYS 365>.A<HZ1 18> and .R<MOL 367>.A<C15 15>
Warning: Close contact of 1.367652 angstroms between .R<LYS 365>.A<HZ1 18> and .R<MOL 367>.A<C9 9>
Warning: Close contact of 0.525343 angstroms between .R<LYS 365>.A<HZ1 18> and .R<MOL 367>.A<C8 8>
Warning: Close contact of 1.806890 angstroms between .R<LYS 365>.A<NZ 17> and .R<MOL 367>.A<C15 15>
Warning: Close contact of 0.299306 angstroms between .R<LYS 365>.A<NZ 17> and .R<MOL 367>.A<C8 8>
Warning: Close contact of 0.602274 angstroms between .R<LYS 365>.A<HE2 15> and .R<MOL 367>.A<H25 56>
Warning: Close contact of 1.314950 angstroms between .R<LYS 365>.A<HE2 15> and .R<MOL 367>.A<N1 25>
Warning: Close contact of 2.046470 angstroms between .R<LYS 365>.A<CE 14> and .R<MOL 367>.A<H25 56>
Warning: Close contact of 1.656566 angstroms between .R<LYS 365>.A<CE 14> and .R<MOL 367>.A<N1 25>
Warning: Close contact of 2.087787 angstroms between .R<LYS 365>.A<HD3 13> and .R<MOL 367>.A<H12 43>
Warning: Close contact of 1.803059 angstroms between .R<LYS 365>.A<HD3 13> and .R<MOL 367>.A<O3 29>
Warning: Close contact of 1.502677 angstroms between .R<LYS 365>.A<HD3 13> and .R<MOL 367>.A<N1 25>
Warning: Close contact of 1.293375 angstroms between .R<LYS 365>.A<HD3 13> and .R<MOL 367>.A<C14 14>
Warning: Close contact of 1.554475 angstroms between .R<LYS 365>.A<HD2 12> and .R<MOL 367>.A<H12 43>
Warning: Close contact of 2.069747 angstroms between .R<LYS 365>.A<HD2 12> and .R<MOL 367>.A<H7 38>
Warning: Close contact of 1.655037 angstroms between .R<LYS 365>.A<HD2 12> and .R<MOL 367>.A<C18 18>
Warning: Close contact of 1.531272 angstroms between .R<LYS 365>.A<HD2 12> and .R<MOL 367>.A<C15 15>
Warning: Close contact of 1.943084 angstroms between .R<LYS 365>.A<CD 11> and .R<MOL 367>.A<N1 25>
Warning: Close contact of 1.722789 angstroms between .R<LYS 365>.A<CD 11> and .R<MOL 367>.A<C18 18>
Warning: Close contact of 1.957152 angstroms between .R<LYS 365>.A<HB3 7> and .R<MOL 367>.A<H18 49>
Warning: Close contact of 0.868928 angstroms between .R<LYS 365>.A<HB2 6> and .R<MOL 367>.A<O3 29>
Warning: Close contact of 1.626500 angstroms between .R<THR 364>.A<H 2> and .R<GLN 363>.A<HG3 10>
Warning: Close contact of 2.110886 angstroms between .R<GLY 347>.A<HA3 5> and .R<GLY 343>.A<H 2>
Warning: Close contact of 1.254309 angstroms between .R<GLY 343>.A<HA3 5> and .R<LYS 342>.A<HA 4>
Warning: Close contact of 1.258383 angstroms between .R<GLN 291>.A<HE21 14> and .R<LYS 281>.A<HZ1 18>
Warning: Close contact of 1.881621 angstroms between .R<GLY 185>.A<H 2> and .R<NMET 184>.A<HB3 9>
Warning: Close contact of 1.441141 angstroms between .R<GLY 160>.A<HA3 5> and .R<GLY 164>.A<HA2 4>
Warning: Close contact of 0.306099 angstroms between .R<THR 181>.A<HG1 12> and .R<MOL 367>.A<H28 59>
Warning: Close contact of 1.374747 angstroms between .R<THR 181>.A<HG1 12> and .R<MOL 367>.A<H27 58>
Warning: Close contact of 1.669020 angstroms between .R<THR 181>.A<HG1 12> and .R<MOL 367>.A<H26 57>
Warning: Close contact of 0.252159 angstroms between .R<THR 181>.A<HG1 12> and .R<MOL 367>.A<N2 26>
Warning: Close contact of 0.192278 angstroms between .R<THR 181>.A<OG1 11> and .R<MOL 367>.A<H28 59>
Warning: Close contact of 1.911267 angstroms between .R<THR 181>.A<OG1 11> and .R<MOL 367>.A<N2 26>
Warning: Close contact of 1.522762 angstroms between .R<THR 181>.A<HG22 9> and .R<MOL 367>.A<H23 54>
Warning: Close contact of 1.790010 angstroms between .R<THR 181>.A<HG22 9> and .R<MOL 367>.A<H21 52>
Warning: Close contact of 1.046041 angstroms between .R<THR 181>.A<HG22 9> and .R<MOL 367>.A<C24 24>
Warning: Close contact of 1.045997 angstroms between .R<THR 181>.A<HG22 9> and .R<MOL 367>.A<C23 23>
Warning: Close contact of 1.087873 angstroms between .R<THR 181>.A<CG2 7> and .R<MOL 367>.A<H23 54>
Warning: Close contact of 1.647644 angstroms between .R<THR 181>.A<HB 6> and .R<MOL 367>.A<H23 54>
Warning: Close contact of 1.349753 angstroms between .R<THR 181>.A<CB 5> and .R<MOL 367>.A<H23 54>
Checking parameters for unit 'complex'.
Checking for bond parameters.
Checking for angle parameters.
check:  Warnings: 58
Unit is OK.
Total unperturbed charge:  -1.999977
Total perturbed charge:    -1.999977
Checking Unit.
Building topology.
Building atom parameters.
Building bond parameters.
Building angle parameters.
Building proper torsion parameters.
Building improper torsion parameters.
 total 15 improper torsions applied
Building H-Bond parameters.
Not Marking per-residue atom chain types.
Marking per-residue atom chain types.
  (Residues lacking connect0/connect1 - 
   these don't have chain types marked:

	res	total affected

	MOL	1
  )
 (no restraints)
Checking Unit.
WARNING: The unperturbed charge of the unit: -2.000000 is not zero.

 -- ignoring the warning.

Building topology.
Building atom parameters.
Building bond parameters.
Building angle parameters.
Building proper torsion parameters.
Building improper torsion parameters.
 total 1118 improper torsions applied
Building H-Bond parameters.
Not Marking per-residue atom chain types.
Marking per-residue atom chain types.
  (Residues lacking connect0/connect1 - 
   these don't have chain types marked:

	res	total affected

	CGLU	2
	NMET	2
  )
 (no restraints)
Checking Unit.
WARNING: The unperturbed charge of the unit: -1.999977 is not zero.

 -- ignoring the warning.

Building topology.
Building atom parameters.
Building bond parameters.
Building angle parameters.
Building proper torsion parameters.
Building improper torsion parameters.
 total 1133 improper torsions applied
Building H-Bond parameters.
Not Marking per-residue atom chain types.
Marking per-residue atom chain types.
  (Residues lacking connect0/connect1 - 
   these don't have chain types marked:

	res	total affected

	CGLU	2
	MOL	1
	NMET	2
  )
 (no restraints)
	Quit
