-I: Adding /usr/local/amber12/dat/leap/prep to search path.
-I: Adding /usr/local/amber12/dat/leap/lib to search path.
-I: Adding /usr/local/amber12/dat/leap/parm to search path.
-I: Adding /usr/local/amber12/dat/leap/cmd to search path.
-f: Source setup.leap.in.

Welcome to LEaP!
(no leaprc in search path)
Sourcing: ./setup.leap.in
----- Source: /usr/local/amber12/dat/leap/cmd/leaprc.ff99SBildn
----- Source of /usr/local/amber12/dat/leap/cmd/leaprc.ff99SBildn done
Log file: ./leap.log
Loading parameters: /usr/local/amber12/dat/leap/parm/parm99.dat
Reading title:
PARM99 for DNA,RNA,AA, organic molecules, TIP3P wat. Polariz.& LP incl.02/04/99
Loading parameters: /usr/local/amber12/dat/leap/parm/frcmod.ff99SBildn
Reading force field modification type file (frcmod)
Reading title:
Modification/update of parm99.dat (Hornak & Simmerling) + ILDN corrections
Loading library: /usr/local/amber12/dat/leap/lib/all_nucleic94.lib
Loading library: /usr/local/amber12/dat/leap/lib/all_amino94ildn.lib
Loading library: /usr/local/amber12/dat/leap/lib/all_aminoct94ildn.lib
Loading library: /usr/local/amber12/dat/leap/lib/all_aminont94ildn.lib
Loading library: /usr/local/amber12/dat/leap/lib/ions94.lib
Loading library: /usr/local/amber12/dat/leap/lib/solvents.lib
----- Source: /usr/local/amber12/dat/leap/cmd/leaprc.gaff
----- Source of /usr/local/amber12/dat/leap/cmd/leaprc.gaff done
Log file: ./leap.log
Loading parameters: /usr/local/amber12/dat/leap/parm/gaff.dat
Reading title:
AMBER General Force Field for organic molecules (Version 1.5, January 2013)
Using H(N)-modified Bondi radii
Loading PDB file: ../../../test/3NF8_A.modeller.pdb
  total atoms in file: 1410
  Leap added 1384 missing atoms according to residue templates:
       1384 H / lone pairs
Loading PDB file: ../../../test/3NF8_B.modeller.pdb
  total atoms in file: 1410
  Leap added 1384 missing atoms according to residue templates:
       1384 H / lone pairs
Loading parameters: ./ligand.frcmod
Reading force field modification type file (frcmod)
Reading title:
remark goes here
Loading Mol2 file: ./ligand.gaff.mol2
Reading MOLECULE named AVX38779_0
Checking 'complex'....
WARNING: The unperturbed charge of the unit: -3.000010 is not zero.
Warning: Close contact of 0.467918 angstroms between .R<CGLU 366>.A<OXT 16> and .R<THR 181>.A<HG22 9>
Warning: Close contact of 1.200327 angstroms between .R<CGLU 366>.A<OXT 16> and .R<THR 181>.A<CG2 7>
Warning: Close contact of 1.487296 angstroms between .R<CGLU 366>.A<OE1 12> and .R<GLN 180>.A<HE21 14>
Warning: Close contact of 1.367135 angstroms between .R<CGLU 366>.A<HG3 10> and .R<GLN 180>.A<HE22 15>
Warning: Close contact of 1.216490 angstroms between .R<LYS 365>.A<HZ3 20> and .R<MOL 367>.A<H22 59>
Warning: Close contact of 1.238280 angstroms between .R<LYS 365>.A<HZ3 20> and .R<MOL 367>.A<H21 58>
Warning: Close contact of 1.497112 angstroms between .R<LYS 365>.A<HZ3 20> and .R<MOL 367>.A<C23 23>
Warning: Close contact of 1.284016 angstroms between .R<LYS 365>.A<HZ2 19> and .R<MOL 367>.A<H16 53>
Warning: Close contact of 1.496915 angstroms between .R<LYS 365>.A<NZ 17> and .R<MOL 367>.A<H22 59>
Warning: Close contact of 1.352458 angstroms between .R<LYS 365>.A<HE3 16> and .R<MOL 367>.A<H22 59>
Warning: Close contact of 1.002419 angstroms between .R<LYS 365>.A<HE3 16> and .R<MOL 367>.A<H5 42>
Warning: Close contact of 1.379882 angstroms between .R<LYS 365>.A<CE 14> and .R<MOL 367>.A<C10 10>
Warning: Close contact of 1.366927 angstroms between .R<LYS 365>.A<HD3 13> and .R<MOL 367>.A<C12 12>
Warning: Close contact of 1.067170 angstroms between .R<LYS 365>.A<HD3 13> and .R<MOL 367>.A<C10 10>
Warning: Close contact of 0.848709 angstroms between .R<LYS 365>.A<HD3 13> and .R<MOL 367>.A<C8 8>
Warning: Close contact of 1.454413 angstroms between .R<LYS 365>.A<HD2 12> and .R<MOL 367>.A<C16 16>
Warning: Close contact of 1.464439 angstroms between .R<LYS 365>.A<HD2 12> and .R<MOL 367>.A<C10 10>
Warning: Close contact of 1.347087 angstroms between .R<LYS 365>.A<HD2 12> and .R<MOL 367>.A<C8 8>
Warning: Close contact of 1.441403 angstroms between .R<LYS 365>.A<CD 11> and .R<MOL 367>.A<C23 23>
Warning: Close contact of 0.379237 angstroms between .R<LYS 365>.A<CD 11> and .R<MOL 367>.A<C10 10>
Warning: Close contact of 1.185246 angstroms between .R<LYS 365>.A<CD 11> and .R<MOL 367>.A<C8 8>
Warning: Close contact of 0.758004 angstroms between .R<LYS 365>.A<HG3 10> and .R<MOL 367>.A<H33 70>
Warning: Close contact of 1.485689 angstroms between .R<LYS 365>.A<HG3 10> and .R<MOL 367>.A<N2 30>
Warning: Close contact of 1.259406 angstroms between .R<LYS 365>.A<HG2 9> and .R<MOL 367>.A<H24 61>
Warning: Close contact of 1.467540 angstroms between .R<LYS 365>.A<HG2 9> and .R<MOL 367>.A<H23 60>
Warning: Close contact of 1.055327 angstroms between .R<LYS 365>.A<HG2 9> and .R<MOL 367>.A<N2 30>
Warning: Close contact of 0.996829 angstroms between .R<LYS 365>.A<HG2 9> and .R<MOL 367>.A<C24 24>
Warning: Close contact of 1.371820 angstroms between .R<LYS 365>.A<CG 8> and .R<MOL 367>.A<H24 61>
Warning: Close contact of 1.495538 angstroms between .R<LYS 365>.A<CG 8> and .R<MOL 367>.A<N2 30>
Warning: Close contact of 1.349108 angstroms between .R<LYS 365>.A<HB3 7> and .R<MOL 367>.A<H24 61>
Warning: Close contact of 1.177228 angstroms between .R<LYS 365>.A<CB 5> and .R<MOL 367>.A<H24 61>
Warning: Close contact of 1.473972 angstroms between .R<LYS 365>.A<HA 4> and .R<MOL 367>.A<H9 46>
Warning: Close contact of 1.380221 angstroms between .R<LYS 365>.A<HA 4> and .R<MOL 367>.A<C14 14>
Warning: Close contact of 1.275343 angstroms between .R<THR 364>.A<H 2> and .R<GLN 363>.A<HG3 10>
Warning: Close contact of 1.452889 angstroms between .R<GLY 347>.A<HA3 5> and .R<GLY 343>.A<H 2>
Warning: Close contact of 1.119960 angstroms between .R<GLY 343>.A<HA3 5> and .R<LYS 342>.A<HA 4>
Warning: Close contact of 1.121777 angstroms between .R<GLN 291>.A<HE21 14> and .R<LYS 281>.A<HZ1 18>
Warning: Close contact of 1.371722 angstroms between .R<GLY 185>.A<H 2> and .R<NMET 184>.A<HB3 9>
Warning: Close contact of 1.200475 angstroms between .R<GLY 160>.A<HA3 5> and .R<GLY 164>.A<HA2 4>
Warning: Close contact of 1.120011 angstroms between .R<CGLU 183>.A<HG3 10> and .R<MOL 367>.A<H28 65>
Warning: Close contact of 1.383777 angstroms between .R<CGLU 183>.A<HA 4> and .R<MOL 367>.A<O2 32>
Checking parameters for unit 'complex'.
Checking for bond parameters.
Checking for angle parameters.
check:  Warnings: 42
Unit is OK.
Total unperturbed charge:  -3.000010
Total perturbed charge:    -3.000010
Checking Unit.
WARNING: The unperturbed charge of the unit: -1.000010 is not zero.

 -- ignoring the warning.

Building topology.
Building atom parameters.
Building bond parameters.
Building angle parameters.
Building proper torsion parameters.
Building improper torsion parameters.
 total 18 improper torsions applied
Building H-Bond parameters.
Incorporating Non-Bonded adjustments.
Not Marking per-residue atom chain types.
Marking per-residue atom chain types.
  (Residues lacking connect0/connect1 - 
   these don't have chain types marked:

	res	total affected

	MOL	1
  )
 (no restraints)
Checking Unit.
WARNING: The unperturbed charge of the unit: -2.000000 is not zero.

 -- ignoring the warning.

Building topology.
Building atom parameters.
Building bond parameters.
Building angle parameters.
Building proper torsion parameters.
Building improper torsion parameters.
 total 1118 improper torsions applied
Building H-Bond parameters.
Incorporating Non-Bonded adjustments.
Not Marking per-residue atom chain types.
Marking per-residue atom chain types.
  (Residues lacking connect0/connect1 - 
   these don't have chain types marked:

	res	total affected

	CGLU	2
	NMET	2
  )
 (no restraints)
Checking Unit.
WARNING: The unperturbed charge of the unit: -3.000010 is not zero.

 -- ignoring the warning.

Building topology.
Building atom parameters.
Building bond parameters.
Building angle parameters.
Building proper torsion parameters.
Building improper torsion parameters.
 total 1136 improper torsions applied
Building H-Bond parameters.
Incorporating Non-Bonded adjustments.
Not Marking per-residue atom chain types.
Marking per-residue atom chain types.
  (Residues lacking connect0/connect1 - 
   these don't have chain types marked:

	res	total affected

	CGLU	2
	MOL	1
	NMET	2
  )
 (no restraints)
	Quit
