-I: Adding /usr/local/amber11/dat/leap/prep to search path.
-I: Adding /usr/local/amber11/dat/leap/lib to search path.
-I: Adding /usr/local/amber11/dat/leap/parm to search path.
-I: Adding /usr/local/amber11/dat/leap/cmd to search path.
-f: Source setup.leap.in.

Welcome to LEaP!
(no leaprc in search path)
Sourcing: ./setup.leap.in
----- Source: /usr/local/amber11/dat/leap/cmd/leaprc.ff99SB
----- Source of /usr/local/amber11/dat/leap/cmd/leaprc.ff99SB done
Log file: ./leap.log
Loading parameters: /usr/local/amber11/dat/leap/parm/parm99.dat
Reading title:
PARM99 for DNA,RNA,AA, organic molecules, TIP3P wat. Polariz.& LP incl.02/04/99
Loading parameters: /usr/local/amber11/dat/leap/parm/frcmod.ff99SB
Reading force field modification type file (frcmod)
Reading title:
Modification/update of parm99.dat (Hornak & Simmerling)
Loading library: /usr/local/amber11/dat/leap/lib/all_nucleic94.lib
Loading library: /usr/local/amber11/dat/leap/lib/all_amino94.lib
Loading library: /usr/local/amber11/dat/leap/lib/all_aminoct94.lib
Loading library: /usr/local/amber11/dat/leap/lib/all_aminont94.lib
Loading library: /usr/local/amber11/dat/leap/lib/ions94.lib
Loading library: /usr/local/amber11/dat/leap/lib/solvents.lib
----- Source: /usr/local/amber11/dat/leap/cmd/leaprc.gaff
----- Source of /usr/local/amber11/dat/leap/cmd/leaprc.gaff done
Log file: ./leap.log
Loading parameters: /usr/local/amber11/dat/leap/parm/gaff.dat
Reading title:
AMBER General Force Field for organic molecules (Version 1.4, March 2010) add. info. at the end
Using H(N)-modified Bondi radii
Loading PDB file: ../../../test/3NF8_A.modeller.pdb
  total atoms in file: 1410
  Leap added 1384 missing atoms according to residue templates:
       1384 H / lone pairs
Loading PDB file: ../../../test/3NF8_B.modeller.pdb
  total atoms in file: 1410
  Leap added 1384 missing atoms according to residue templates:
       1384 H / lone pairs
Loading parameters: ./ligand.frcmod
Reading force field modification type file (frcmod)
Reading title:
remark goes here
Loading Mol2 file: ./ligand.gaff.mol2
Reading MOLECULE named AVX38788_1
Checking 'complex'....
WARNING: The unperturbed charge of the unit: -2.999999 is not zero.
Warning: Close contact of 0.218948 angstroms between .R<CGLU 366>.A<OXT 16> and .R<THR 181>.A<HG22 9>
Warning: Close contact of 1.440785 angstroms between .R<CGLU 366>.A<OXT 16> and .R<THR 181>.A<CG2 7>
Warning: Close contact of 2.212049 angstroms between .R<CGLU 366>.A<OE1 12> and .R<GLN 180>.A<HE21 14>
Warning: Close contact of 1.869058 angstroms between .R<CGLU 366>.A<HG3 10> and .R<GLN 180>.A<HE22 15>
Warning: Close contact of 1.461183 angstroms between .R<LYS 365>.A<HE2 15> and .R<MOL 367>.A<H2 38>
Warning: Close contact of 2.237872 angstroms between .R<LYS 365>.A<HD3 13> and .R<MOL 367>.A<H2 38>
Warning: Close contact of 1.626500 angstroms between .R<THR 364>.A<H 2> and .R<GLN 363>.A<HG3 10>
Warning: Close contact of 2.110886 angstroms between .R<GLY 347>.A<HA3 5> and .R<GLY 343>.A<H 2>
Warning: Close contact of 1.254309 angstroms between .R<GLY 343>.A<HA3 5> and .R<LYS 342>.A<HA 4>
Warning: Close contact of 1.258383 angstroms between .R<GLN 291>.A<HE21 14> and .R<LYS 281>.A<HZ1 18>
Warning: Close contact of 1.881621 angstroms between .R<GLY 185>.A<H 2> and .R<NMET 184>.A<HB3 9>
Warning: Close contact of 1.441141 angstroms between .R<GLY 160>.A<HA3 5> and .R<GLY 164>.A<HA2 4>
Warning: Close contact of 0.938550 angstroms between .R<GLN 180>.A<O 17> and .R<MOL 367>.A<O5 34>
Warning: Close contact of 1.843005 angstroms between .R<THR 181>.A<O 14> and .R<MOL 367>.A<H28 64>
Warning: Close contact of 1.968742 angstroms between .R<THR 181>.A<O 14> and .R<MOL 367>.A<H14 50>
Warning: Close contact of 1.732995 angstroms between .R<THR 181>.A<C 13> and .R<MOL 367>.A<H29 65>
Warning: Close contact of 0.747378 angstroms between .R<THR 181>.A<C 13> and .R<MOL 367>.A<H28 64>
Warning: Close contact of 0.429613 angstroms between .R<THR 181>.A<C 13> and .R<MOL 367>.A<C27 27>
Warning: Close contact of 1.869830 angstroms between .R<THR 181>.A<C 13> and .R<MOL 367>.A<C21 21>
Warning: Close contact of 0.588980 angstroms between .R<THR 181>.A<OG1 11> and .R<MOL 367>.A<H16 52>
Warning: Close contact of 0.989816 angstroms between .R<THR 181>.A<HG23 10> and .R<MOL 367>.A<H13 49>
Warning: Close contact of 1.951999 angstroms between .R<THR 181>.A<HG21 8> and .R<MOL 367>.A<H14 50>
Warning: Close contact of 0.737747 angstroms between .R<THR 181>.A<HG21 8> and .R<MOL 367>.A<H13 49>
Warning: Close contact of 1.610602 angstroms between .R<THR 181>.A<HG21 8> and .R<MOL 367>.A<O6 35>
Warning: Close contact of 0.198110 angstroms between .R<THR 181>.A<HG21 8> and .R<MOL 367>.A<C19 19>
Warning: Close contact of 0.619850 angstroms between .R<THR 181>.A<CG2 7> and .R<MOL 367>.A<H13 49>
Warning: Close contact of 2.082826 angstroms between .R<THR 181>.A<CG2 7> and .R<MOL 367>.A<C19 19>
Warning: Close contact of 2.060630 angstroms between .R<THR 181>.A<CB 5> and .R<MOL 367>.A<H16 52>
Warning: Close contact of 1.725558 angstroms between .R<THR 181>.A<HA 4> and .R<MOL 367>.A<H29 65>
Warning: Close contact of 1.639245 angstroms between .R<THR 181>.A<HA 4> and .R<MOL 367>.A<H24 60>
Warning: Close contact of 2.155653 angstroms between .R<THR 181>.A<HA 4> and .R<MOL 367>.A<C25 25>
Warning: Close contact of 0.281510 angstroms between .R<THR 181>.A<CA 3> and .R<MOL 367>.A<H29 65>
Warning: Close contact of 1.440984 angstroms between .R<THR 181>.A<CA 3> and .R<MOL 367>.A<C27 27>
Warning: Close contact of 1.377389 angstroms between .R<THR 181>.A<N 1> and .R<MOL 367>.A<H29 65>
Warning: Close contact of 1.112101 angstroms between .R<LYS 182>.A<O 22> and .R<MOL 367>.A<H6 42>
Warning: Close contact of 1.737021 angstroms between .R<LYS 182>.A<O 22> and .R<MOL 367>.A<C6 6>
Warning: Close contact of 0.417110 angstroms between .R<LYS 182>.A<H 2> and .R<MOL 367>.A<H25 61>
Warning: Close contact of 1.194289 angstroms between .R<LYS 182>.A<H 2> and .R<MOL 367>.A<C25 25>
Warning: Close contact of 1.730966 angstroms between .R<LYS 182>.A<N 1> and .R<MOL 367>.A<H28 64>
Warning: Close contact of 1.574633 angstroms between .R<LYS 182>.A<N 1> and .R<MOL 367>.A<C27 27>
Warning: Close contact of 1.247034 angstroms between .R<CGLU 183>.A<OE2 13> and .R<MOL 367>.A<H10 46>
Warning: Close contact of 0.933657 angstroms between .R<CGLU 183>.A<CD 11> and .R<MOL 367>.A<H10 46>
Warning: Close contact of 0.681534 angstroms between .R<CGLU 183>.A<HG3 10> and .R<MOL 367>.A<H9 45>
Warning: Close contact of 0.932209 angstroms between .R<CGLU 183>.A<HG2 9> and .R<MOL 367>.A<H9 45>
Warning: Close contact of 0.536199 angstroms between .R<CGLU 183>.A<HG2 9> and .R<MOL 367>.A<C17 17>
Warning: Close contact of 1.654641 angstroms between .R<CGLU 183>.A<HG2 9> and .R<MOL 367>.A<C16 16>
Warning: Close contact of 0.363074 angstroms between .R<CGLU 183>.A<CG 8> and .R<MOL 367>.A<H9 45>
Warning: Close contact of 1.450403 angstroms between .R<CGLU 183>.A<CG 8> and .R<MOL 367>.A<C17 17>
Checking parameters for unit 'complex'.
Checking for bond parameters.
Checking for angle parameters.
check:  Warnings: 49
Unit is OK.
Total unperturbed charge:  -2.999999
Total perturbed charge:    -2.999999
Checking Unit.
WARNING: The unperturbed charge of the unit: -0.999999 is not zero.

 -- ignoring the warning.

Building topology.
Building atom parameters.
Building bond parameters.
Building angle parameters.
Building proper torsion parameters.
1-4: angle 16 20 duplicates bond ('triangular' bond) or angle ('square' bond)

1-4: angle 17 18 duplicates bond ('triangular' bond) or angle ('square' bond)

Building improper torsion parameters.
 total 16 improper torsions applied
Building H-Bond parameters.
Not Marking per-residue atom chain types.
Marking per-residue atom chain types.
  (Residues lacking connect0/connect1 - 
   these don't have chain types marked:

	res	total affected

	MOL	1
  )
 (no restraints)
Checking Unit.
WARNING: The unperturbed charge of the unit: -2.000000 is not zero.

 -- ignoring the warning.

Building topology.
Building atom parameters.
Building bond parameters.
Building angle parameters.
Building proper torsion parameters.
Building improper torsion parameters.
 total 1118 improper torsions applied
Building H-Bond parameters.
Not Marking per-residue atom chain types.
Marking per-residue atom chain types.
  (Residues lacking connect0/connect1 - 
   these don't have chain types marked:

	res	total affected

	CGLU	2
	NMET	2
  )
 (no restraints)
Checking Unit.
WARNING: The unperturbed charge of the unit: -2.999999 is not zero.

 -- ignoring the warning.

Building topology.
Building atom parameters.
Building bond parameters.
Building angle parameters.
Building proper torsion parameters.
1-4: angle 5605 5606 duplicates bond ('triangular' bond) or angle ('square' bond)

1-4: angle 5604 5608 duplicates bond ('triangular' bond) or angle ('square' bond)

Building improper torsion parameters.
 total 1134 improper torsions applied
Building H-Bond parameters.
Not Marking per-residue atom chain types.
Marking per-residue atom chain types.
  (Residues lacking connect0/connect1 - 
   these don't have chain types marked:

	res	total affected

	CGLU	2
	MOL	1
	NMET	2
  )
 (no restraints)
	Quit
