-I: Adding /usr/local/amber12/dat/leap/prep to search path.
-I: Adding /usr/local/amber12/dat/leap/lib to search path.
-I: Adding /usr/local/amber12/dat/leap/parm to search path.
-I: Adding /usr/local/amber12/dat/leap/cmd to search path.
-f: Source setup.leap.in.

Welcome to LEaP!
(no leaprc in search path)
Sourcing: ./setup.leap.in
----- Source: /usr/local/amber12/dat/leap/cmd/leaprc.ff99SBildn
----- Source of /usr/local/amber12/dat/leap/cmd/leaprc.ff99SBildn done
Log file: ./leap.log
Loading parameters: /usr/local/amber12/dat/leap/parm/parm99.dat
Reading title:
PARM99 for DNA,RNA,AA, organic molecules, TIP3P wat. Polariz.& LP incl.02/04/99
Loading parameters: /usr/local/amber12/dat/leap/parm/frcmod.ff99SBildn
Reading force field modification type file (frcmod)
Reading title:
Modification/update of parm99.dat (Hornak & Simmerling) + ILDN corrections
Loading library: /usr/local/amber12/dat/leap/lib/all_nucleic94.lib
Loading library: /usr/local/amber12/dat/leap/lib/all_amino94ildn.lib
Loading library: /usr/local/amber12/dat/leap/lib/all_aminoct94ildn.lib
Loading library: /usr/local/amber12/dat/leap/lib/all_aminont94ildn.lib
Loading library: /usr/local/amber12/dat/leap/lib/ions94.lib
Loading library: /usr/local/amber12/dat/leap/lib/solvents.lib
----- Source: /usr/local/amber12/dat/leap/cmd/leaprc.gaff
----- Source of /usr/local/amber12/dat/leap/cmd/leaprc.gaff done
Log file: ./leap.log
Loading parameters: /usr/local/amber12/dat/leap/parm/gaff.dat
Reading title:
AMBER General Force Field for organic molecules (Version 1.5, January 2013)
Using H(N)-modified Bondi radii
Loading PDB file: ../../../test/3NF8_A.modeller.pdb
  total atoms in file: 1410
  Leap added 1384 missing atoms according to residue templates:
       1384 H / lone pairs
Loading PDB file: ../../../test/3NF8_B.modeller.pdb
  total atoms in file: 1410
  Leap added 1384 missing atoms according to residue templates:
       1384 H / lone pairs
Loading parameters: ./ligand.frcmod
Reading force field modification type file (frcmod)
Reading title:
remark goes here
Loading Mol2 file: ./ligand.gaff.mol2
Reading MOLECULE named AVX-17558_3
Checking 'complex'....
WARNING: The unperturbed charge of the unit: -1.999994 is not zero.
Warning: Close contact of 0.467918 angstroms between .R<CGLU 366>.A<OXT 16> and .R<THR 181>.A<HG22 9>
Warning: Close contact of 1.200327 angstroms between .R<CGLU 366>.A<OXT 16> and .R<THR 181>.A<CG2 7>
Warning: Close contact of 1.392449 angstroms between .R<CGLU 366>.A<OXT 16> and .R<MOL 367>.A<H24 53>
Warning: Close contact of 1.251671 angstroms between .R<CGLU 366>.A<OXT 16> and .R<MOL 367>.A<H23 52>
Warning: Close contact of 0.971884 angstroms between .R<CGLU 366>.A<OXT 16> and .R<MOL 367>.A<H22 51>
Warning: Close contact of 1.099491 angstroms between .R<CGLU 366>.A<OXT 16> and .R<MOL 367>.A<N2 24>
Warning: Close contact of 0.632957 angstroms between .R<CGLU 366>.A<C 14> and .R<MOL 367>.A<H23 52>
Warning: Close contact of 1.339856 angstroms between .R<CGLU 366>.A<C 14> and .R<MOL 367>.A<N2 24>
Warning: Close contact of 1.487296 angstroms between .R<CGLU 366>.A<OE1 12> and .R<GLN 180>.A<HE21 14>
Warning: Close contact of 1.367135 angstroms between .R<CGLU 366>.A<HG3 10> and .R<GLN 180>.A<HE22 15>
Warning: Close contact of 1.444348 angstroms between .R<LYS 365>.A<HZ3 20> and .R<MOL 367>.A<H8 37>
Warning: Close contact of 1.390027 angstroms between .R<LYS 365>.A<HZ3 20> and .R<MOL 367>.A<C15 15>
Warning: Close contact of 1.135221 angstroms between .R<LYS 365>.A<HZ3 20> and .R<MOL 367>.A<C8 8>
Warning: Close contact of 1.420503 angstroms between .R<LYS 365>.A<HZ3 20> and .R<MOL 367>.A<C3 3>
Warning: Close contact of 1.076463 angstroms between .R<LYS 365>.A<HZ2 19> and .R<MOL 367>.A<C8 8>
Warning: Close contact of 1.369405 angstroms between .R<LYS 365>.A<HZ2 19> and .R<MOL 367>.A<C3 3>
Warning: Close contact of 1.346285 angstroms between .R<LYS 365>.A<HZ1 18> and .R<MOL 367>.A<C15 15>
Warning: Close contact of 1.169467 angstroms between .R<LYS 365>.A<HZ1 18> and .R<MOL 367>.A<C9 9>
Warning: Close contact of 0.724805 angstroms between .R<LYS 365>.A<HZ1 18> and .R<MOL 367>.A<C8 8>
Warning: Close contact of 1.344206 angstroms between .R<LYS 365>.A<NZ 17> and .R<MOL 367>.A<C15 15>
Warning: Close contact of 0.547089 angstroms between .R<LYS 365>.A<NZ 17> and .R<MOL 367>.A<C8 8>
Warning: Close contact of 0.767957 angstroms between .R<LYS 365>.A<HE2 15> and .R<MOL 367>.A<H21 50>
Warning: Close contact of 1.146713 angstroms between .R<LYS 365>.A<HE2 15> and .R<MOL 367>.A<N1 23>
Warning: Close contact of 1.449775 angstroms between .R<LYS 365>.A<CE 14> and .R<MOL 367>.A<H21 50>
Warning: Close contact of 1.287077 angstroms between .R<LYS 365>.A<CE 14> and .R<MOL 367>.A<N1 23>
Warning: Close contact of 1.446298 angstroms between .R<LYS 365>.A<HD3 13> and .R<MOL 367>.A<H12 41>
Warning: Close contact of 1.333198 angstroms between .R<LYS 365>.A<HD3 13> and .R<MOL 367>.A<O3 27>
Warning: Close contact of 1.225837 angstroms between .R<LYS 365>.A<HD3 13> and .R<MOL 367>.A<N1 23>
Warning: Close contact of 1.124316 angstroms between .R<LYS 365>.A<HD3 13> and .R<MOL 367>.A<C14 14>
Warning: Close contact of 1.245932 angstroms between .R<LYS 365>.A<HD2 12> and .R<MOL 367>.A<H12 41>
Warning: Close contact of 1.438662 angstroms between .R<LYS 365>.A<HD2 12> and .R<MOL 367>.A<H7 36>
Warning: Close contact of 1.286482 angstroms between .R<LYS 365>.A<HD2 12> and .R<MOL 367>.A<C18 18>
Warning: Close contact of 1.237446 angstroms between .R<LYS 365>.A<HD2 12> and .R<MOL 367>.A<C15 15>
Warning: Close contact of 1.393945 angstroms between .R<LYS 365>.A<CD 11> and .R<MOL 367>.A<N1 23>
Warning: Close contact of 1.312551 angstroms between .R<LYS 365>.A<CD 11> and .R<MOL 367>.A<C18 18>
Warning: Close contact of 1.346264 angstroms between .R<LYS 365>.A<HB3 7> and .R<MOL 367>.A<H17 46>
Warning: Close contact of 0.941327 angstroms between .R<LYS 365>.A<HB2 6> and .R<MOL 367>.A<O3 27>
Warning: Close contact of 1.275343 angstroms between .R<THR 364>.A<H 2> and .R<GLN 363>.A<HG3 10>
Warning: Close contact of 1.452889 angstroms between .R<GLY 347>.A<HA3 5> and .R<GLY 343>.A<H 2>
Warning: Close contact of 1.119960 angstroms between .R<GLY 343>.A<HA3 5> and .R<LYS 342>.A<HA 4>
Warning: Close contact of 1.121777 angstroms between .R<GLN 291>.A<HE21 14> and .R<LYS 281>.A<HZ1 18>
Warning: Close contact of 1.371722 angstroms between .R<GLY 185>.A<H 2> and .R<NMET 184>.A<HB3 9>
Warning: Close contact of 1.200475 angstroms between .R<GLY 160>.A<HA3 5> and .R<GLY 164>.A<HA2 4>
Warning: Close contact of 1.381505 angstroms between .R<THR 181>.A<HG22 9> and .R<MOL 367>.A<H24 53>
Warning: Close contact of 0.682503 angstroms between .R<THR 181>.A<HG22 9> and .R<MOL 367>.A<H22 51>
Warning: Close contact of 1.125961 angstroms between .R<THR 181>.A<HG22 9> and .R<MOL 367>.A<N2 24>
Checking parameters for unit 'complex'.
Checking for bond parameters.
Checking for angle parameters.
check:  Warnings: 47
Unit is OK.
Total unperturbed charge:  -1.999994
Total perturbed charge:    -1.999994
Checking Unit.
Building topology.
Building atom parameters.
Building bond parameters.
Building angle parameters.
Building proper torsion parameters.
Building improper torsion parameters.
 total 15 improper torsions applied
Building H-Bond parameters.
Incorporating Non-Bonded adjustments.
Not Marking per-residue atom chain types.
Marking per-residue atom chain types.
  (Residues lacking connect0/connect1 - 
   these don't have chain types marked:

	res	total affected

	MOL	1
  )
 (no restraints)
Checking Unit.
WARNING: The unperturbed charge of the unit: -2.000000 is not zero.

 -- ignoring the warning.

Building topology.
Building atom parameters.
Building bond parameters.
Building angle parameters.
Building proper torsion parameters.
Building improper torsion parameters.
 total 1118 improper torsions applied
Building H-Bond parameters.
Incorporating Non-Bonded adjustments.
Not Marking per-residue atom chain types.
Marking per-residue atom chain types.
  (Residues lacking connect0/connect1 - 
   these don't have chain types marked:

	res	total affected

	CGLU	2
	NMET	2
  )
 (no restraints)
Checking Unit.
WARNING: The unperturbed charge of the unit: -1.999994 is not zero.

 -- ignoring the warning.

Building topology.
Building atom parameters.
Building bond parameters.
Building angle parameters.
Building proper torsion parameters.
Building improper torsion parameters.
 total 1133 improper torsions applied
Building H-Bond parameters.
Incorporating Non-Bonded adjustments.
Not Marking per-residue atom chain types.
Marking per-residue atom chain types.
  (Residues lacking connect0/connect1 - 
   these don't have chain types marked:

	res	total affected

	CGLU	2
	MOL	1
	NMET	2
  )
 (no restraints)
	Quit
