-I: Adding /usr/local/amber12/dat/leap/prep to search path.
-I: Adding /usr/local/amber12/dat/leap/lib to search path.
-I: Adding /usr/local/amber12/dat/leap/parm to search path.
-I: Adding /usr/local/amber12/dat/leap/cmd to search path.
-f: Source setup.leap.in.

Welcome to LEaP!
(no leaprc in search path)
Sourcing: ./setup.leap.in
----- Source: /usr/local/amber12/dat/leap/cmd/leaprc.ff99SBildn
----- Source of /usr/local/amber12/dat/leap/cmd/leaprc.ff99SBildn done
Log file: ./leap.log
Loading parameters: /usr/local/amber12/dat/leap/parm/parm99.dat
Reading title:
PARM99 for DNA,RNA,AA, organic molecules, TIP3P wat. Polariz.& LP incl.02/04/99
Loading parameters: /usr/local/amber12/dat/leap/parm/frcmod.ff99SBildn
Reading force field modification type file (frcmod)
Reading title:
Modification/update of parm99.dat (Hornak & Simmerling) + ILDN corrections
Loading library: /usr/local/amber12/dat/leap/lib/all_nucleic94.lib
Loading library: /usr/local/amber12/dat/leap/lib/all_amino94ildn.lib
Loading library: /usr/local/amber12/dat/leap/lib/all_aminoct94ildn.lib
Loading library: /usr/local/amber12/dat/leap/lib/all_aminont94ildn.lib
Loading library: /usr/local/amber12/dat/leap/lib/ions94.lib
Loading library: /usr/local/amber12/dat/leap/lib/solvents.lib
----- Source: /usr/local/amber12/dat/leap/cmd/leaprc.gaff
----- Source of /usr/local/amber12/dat/leap/cmd/leaprc.gaff done
Log file: ./leap.log
Loading parameters: /usr/local/amber12/dat/leap/parm/gaff.dat
Reading title:
AMBER General Force Field for organic molecules (Version 1.5, January 2013)
Using H(N)-modified Bondi radii
Loading PDB file: ../../../test/3NF8_A.modeller.pdb
  total atoms in file: 1410
  Leap added 1384 missing atoms according to residue templates:
       1384 H / lone pairs
Loading PDB file: ../../../test/3NF8_B.modeller.pdb
  total atoms in file: 1410
  Leap added 1384 missing atoms according to residue templates:
       1384 H / lone pairs
Loading parameters: ./ligand.frcmod
Reading force field modification type file (frcmod)
Reading title:
remark goes here
Loading Mol2 file: ./ligand.gaff.mol2
Reading MOLECULE named AVX38741_0
Checking 'complex'....
WARNING: The unperturbed charge of the unit: -2.000007 is not zero.
Warning: Close contact of 0.467918 angstroms between .R<CGLU 366>.A<OXT 16> and .R<THR 181>.A<HG22 9>
Warning: Close contact of 1.200327 angstroms between .R<CGLU 366>.A<OXT 16> and .R<THR 181>.A<CG2 7>
Warning: Close contact of 1.487296 angstroms between .R<CGLU 366>.A<OE1 12> and .R<GLN 180>.A<HE21 14>
Warning: Close contact of 1.367135 angstroms between .R<CGLU 366>.A<HG3 10> and .R<GLN 180>.A<HE22 15>
Warning: Close contact of 0.818066 angstroms between .R<LYS 365>.A<HZ3 20> and .R<MOL 367>.A<O1 32>
Warning: Close contact of 0.456758 angstroms between .R<LYS 365>.A<HZ3 20> and .R<MOL 367>.A<C19 19>
Warning: Close contact of 1.477717 angstroms between .R<LYS 365>.A<HZ2 19> and .R<MOL 367>.A<H13 51>
Warning: Close contact of 1.421921 angstroms between .R<LYS 365>.A<HZ2 19> and .R<MOL 367>.A<C19 19>
Warning: Close contact of 1.198614 angstroms between .R<LYS 365>.A<HZ1 18> and .R<MOL 367>.A<C19 19>
Warning: Close contact of 1.077763 angstroms between .R<LYS 365>.A<HZ1 18> and .R<MOL 367>.A<C12 12>
Warning: Close contact of 0.669372 angstroms between .R<LYS 365>.A<NZ 17> and .R<MOL 367>.A<C19 19>
Warning: Close contact of 0.961772 angstroms between .R<LYS 365>.A<NZ 17> and .R<MOL 367>.A<C12 12>
Warning: Close contact of 1.363244 angstroms between .R<LYS 365>.A<HE2 15> and .R<MOL 367>.A<C14 14>
Warning: Close contact of 1.370524 angstroms between .R<LYS 365>.A<HE2 15> and .R<MOL 367>.A<C12 12>
Warning: Close contact of 1.043631 angstroms between .R<LYS 365>.A<CE 14> and .R<MOL 367>.A<C12 12>
Warning: Close contact of 1.409380 angstroms between .R<LYS 365>.A<CE 14> and .R<MOL 367>.A<C6 6>
Warning: Close contact of 1.371852 angstroms between .R<LYS 365>.A<HD3 13> and .R<MOL 367>.A<H6 44>
Warning: Close contact of 1.404240 angstroms between .R<LYS 365>.A<HD3 13> and .R<MOL 367>.A<H2 40>
Warning: Close contact of 1.280824 angstroms between .R<LYS 365>.A<HD3 13> and .R<MOL 367>.A<C6 6>
Warning: Close contact of 1.290262 angstroms between .R<LYS 365>.A<HD3 13> and .R<MOL 367>.A<C2 2>
Warning: Close contact of 0.525998 angstroms between .R<LYS 365>.A<HD2 12> and .R<MOL 367>.A<H6 44>
Warning: Close contact of 1.134020 angstroms between .R<LYS 365>.A<HD2 12> and .R<MOL 367>.A<C6 6>
Warning: Close contact of 0.686063 angstroms between .R<LYS 365>.A<CD 11> and .R<MOL 367>.A<H6 44>
Warning: Close contact of 0.915351 angstroms between .R<LYS 365>.A<CD 11> and .R<MOL 367>.A<C6 6>
Warning: Close contact of 1.275343 angstroms between .R<THR 364>.A<H 2> and .R<GLN 363>.A<HG3 10>
Warning: Close contact of 1.452889 angstroms between .R<GLY 347>.A<HA3 5> and .R<GLY 343>.A<H 2>
Warning: Close contact of 1.119960 angstroms between .R<GLY 343>.A<HA3 5> and .R<LYS 342>.A<HA 4>
Warning: Close contact of 1.121777 angstroms between .R<GLN 291>.A<HE21 14> and .R<LYS 281>.A<HZ1 18>
Warning: Close contact of 1.371722 angstroms between .R<GLY 185>.A<H 2> and .R<NMET 184>.A<HB3 9>
Warning: Close contact of 1.200475 angstroms between .R<GLY 160>.A<HA3 5> and .R<GLY 164>.A<HA2 4>
Checking parameters for unit 'complex'.
Checking for bond parameters.
Checking for angle parameters.
check:  Warnings: 31
Unit is OK.
Total unperturbed charge:  -2.000007
Total perturbed charge:    -2.000007
Checking Unit.
Building topology.
Building atom parameters.
Building bond parameters.
Building angle parameters.
Building proper torsion parameters.
Building improper torsion parameters.
 total 22 improper torsions applied
Building H-Bond parameters.
Incorporating Non-Bonded adjustments.
Not Marking per-residue atom chain types.
Marking per-residue atom chain types.
  (Residues lacking connect0/connect1 - 
   these don't have chain types marked:

	res	total affected

	MOL	1
  )
 (no restraints)
Checking Unit.
WARNING: The unperturbed charge of the unit: -2.000000 is not zero.

 -- ignoring the warning.

Building topology.
Building atom parameters.
Building bond parameters.
Building angle parameters.
Building proper torsion parameters.
Building improper torsion parameters.
 total 1118 improper torsions applied
Building H-Bond parameters.
Incorporating Non-Bonded adjustments.
Not Marking per-residue atom chain types.
Marking per-residue atom chain types.
  (Residues lacking connect0/connect1 - 
   these don't have chain types marked:

	res	total affected

	CGLU	2
	NMET	2
  )
 (no restraints)
Checking Unit.
WARNING: The unperturbed charge of the unit: -2.000007 is not zero.

 -- ignoring the warning.

Building topology.
Building atom parameters.
Building bond parameters.
Building angle parameters.
Building proper torsion parameters.
Building improper torsion parameters.
 total 1140 improper torsions applied
Building H-Bond parameters.
Incorporating Non-Bonded adjustments.
Not Marking per-residue atom chain types.
Marking per-residue atom chain types.
  (Residues lacking connect0/connect1 - 
   these don't have chain types marked:

	res	total affected

	CGLU	2
	MOL	1
	NMET	2
  )
 (no restraints)
	Quit
