-I: Adding /usr/local/amber12/dat/leap/prep to search path.
-I: Adding /usr/local/amber12/dat/leap/lib to search path.
-I: Adding /usr/local/amber12/dat/leap/parm to search path.
-I: Adding /usr/local/amber12/dat/leap/cmd to search path.
-f: Source setup.leap.in.

Welcome to LEaP!
(no leaprc in search path)
Sourcing: ./setup.leap.in
----- Source: /usr/local/amber12/dat/leap/cmd/leaprc.ff99SBildn
----- Source of /usr/local/amber12/dat/leap/cmd/leaprc.ff99SBildn done
Log file: ./leap.log
Loading parameters: /usr/local/amber12/dat/leap/parm/parm99.dat
Reading title:
PARM99 for DNA,RNA,AA, organic molecules, TIP3P wat. Polariz.& LP incl.02/04/99
Loading parameters: /usr/local/amber12/dat/leap/parm/frcmod.ff99SBildn
Reading force field modification type file (frcmod)
Reading title:
Modification/update of parm99.dat (Hornak & Simmerling) + ILDN corrections
Loading library: /usr/local/amber12/dat/leap/lib/all_nucleic94.lib
Loading library: /usr/local/amber12/dat/leap/lib/all_amino94ildn.lib
Loading library: /usr/local/amber12/dat/leap/lib/all_aminoct94ildn.lib
Loading library: /usr/local/amber12/dat/leap/lib/all_aminont94ildn.lib
Loading library: /usr/local/amber12/dat/leap/lib/ions94.lib
Loading library: /usr/local/amber12/dat/leap/lib/solvents.lib
----- Source: /usr/local/amber12/dat/leap/cmd/leaprc.gaff
----- Source of /usr/local/amber12/dat/leap/cmd/leaprc.gaff done
Log file: ./leap.log
Loading parameters: /usr/local/amber12/dat/leap/parm/gaff.dat
Reading title:
AMBER General Force Field for organic molecules (Version 1.5, January 2013)
Using H(N)-modified Bondi radii
Loading PDB file: ../../../test/3NF8_A.modeller.pdb
  total atoms in file: 1410
  Leap added 1384 missing atoms according to residue templates:
       1384 H / lone pairs
Loading PDB file: ../../../test/3NF8_B.modeller.pdb
  total atoms in file: 1410
  Leap added 1384 missing atoms according to residue templates:
       1384 H / lone pairs
Loading parameters: ./ligand.frcmod
Reading force field modification type file (frcmod)
Reading title:
remark goes here
Loading Mol2 file: ./ligand.gaff.mol2
Reading MOLECULE named AVX17587_2
Checking 'complex'....
WARNING: The unperturbed charge of the unit: -1.999977 is not zero.
Warning: Close contact of 0.467918 angstroms between .R<CGLU 366>.A<OXT 16> and .R<THR 181>.A<HG22 9>
Warning: Close contact of 1.200327 angstroms between .R<CGLU 366>.A<OXT 16> and .R<THR 181>.A<CG2 7>
Warning: Close contact of 1.487296 angstroms between .R<CGLU 366>.A<OE1 12> and .R<GLN 180>.A<HE21 14>
Warning: Close contact of 1.367135 angstroms between .R<CGLU 366>.A<HG3 10> and .R<GLN 180>.A<HE22 15>
Warning: Close contact of 1.272601 angstroms between .R<LYS 365>.A<O 22> and .R<MOL 367>.A<H19 50>
Warning: Close contact of 1.463108 angstroms between .R<LYS 365>.A<HZ3 20> and .R<MOL 367>.A<H14 45>
Warning: Close contact of 1.388692 angstroms between .R<LYS 365>.A<HZ3 20> and .R<MOL 367>.A<H12 43>
Warning: Close contact of 1.296937 angstroms between .R<LYS 365>.A<HZ3 20> and .R<MOL 367>.A<C19 19>
Warning: Close contact of 1.344424 angstroms between .R<LYS 365>.A<HZ3 20> and .R<MOL 367>.A<C18 18>
Warning: Close contact of 1.087775 angstroms between .R<LYS 365>.A<HZ3 20> and .R<MOL 367>.A<C17 17>
Warning: Close contact of 0.961125 angstroms between .R<LYS 365>.A<HZ2 19> and .R<MOL 367>.A<C17 17>
Warning: Close contact of 0.850149 angstroms between .R<LYS 365>.A<HZ2 19> and .R<MOL 367>.A<C9 9>
Warning: Close contact of 1.305215 angstroms between .R<LYS 365>.A<HZ1 18> and .R<MOL 367>.A<C9 9>
Warning: Close contact of 1.258482 angstroms between .R<LYS 365>.A<HZ1 18> and .R<MOL 367>.A<C8 8>
Warning: Close contact of 1.281451 angstroms between .R<LYS 365>.A<NZ 17> and .R<MOL 367>.A<C18 18>
Warning: Close contact of 0.675193 angstroms between .R<LYS 365>.A<NZ 17> and .R<MOL 367>.A<C17 17>
Warning: Close contact of 1.209335 angstroms between .R<LYS 365>.A<NZ 17> and .R<MOL 367>.A<C9 9>
Warning: Close contact of 0.868128 angstroms between .R<LYS 365>.A<HE3 16> and .R<MOL 367>.A<H11 42>
Warning: Close contact of 1.487679 angstroms between .R<LYS 365>.A<HE2 15> and .R<MOL 367>.A<H7 38>
Warning: Close contact of 1.290142 angstroms between .R<LYS 365>.A<CE 14> and .R<MOL 367>.A<H11 42>
Warning: Close contact of 1.353574 angstroms between .R<LYS 365>.A<CE 14> and .R<MOL 367>.A<C18 18>
Warning: Close contact of 1.378929 angstroms between .R<LYS 365>.A<CE 14> and .R<MOL 367>.A<C17 17>
Warning: Close contact of 1.329389 angstroms between .R<LYS 365>.A<HD3 13> and .R<MOL 367>.A<H7 38>
Warning: Close contact of 1.410325 angstroms between .R<LYS 365>.A<HD2 12> and .R<MOL 367>.A<H8 39>
Warning: Close contact of 1.312510 angstroms between .R<LYS 365>.A<HD2 12> and .R<MOL 367>.A<C18 18>
Warning: Close contact of 1.367242 angstroms between .R<LYS 365>.A<HD2 12> and .R<MOL 367>.A<C15 15>
Warning: Close contact of 1.059536 angstroms between .R<LYS 365>.A<CD 11> and .R<MOL 367>.A<N1 25>
Warning: Close contact of 1.389526 angstroms between .R<LYS 365>.A<CD 11> and .R<MOL 367>.A<C18 18>
Warning: Close contact of 1.247220 angstroms between .R<LYS 365>.A<HG3 10> and .R<MOL 367>.A<O3 29>
Warning: Close contact of 1.390077 angstroms between .R<LYS 365>.A<HG3 10> and .R<MOL 367>.A<C20 20>
Warning: Close contact of 0.186226 angstroms between .R<LYS 365>.A<HG3 10> and .R<MOL 367>.A<C14 14>
Warning: Close contact of 0.981830 angstroms between .R<LYS 365>.A<HG2 9> and .R<MOL 367>.A<H25 56>
Warning: Close contact of 1.174936 angstroms between .R<LYS 365>.A<HG2 9> and .R<MOL 367>.A<N1 25>
Warning: Close contact of 1.104031 angstroms between .R<LYS 365>.A<CG 8> and .R<MOL 367>.A<H25 56>
Warning: Close contact of 0.842934 angstroms between .R<LYS 365>.A<CG 8> and .R<MOL 367>.A<N1 25>
Warning: Close contact of 1.019722 angstroms between .R<LYS 365>.A<CG 8> and .R<MOL 367>.A<C14 14>
Warning: Close contact of 0.980568 angstroms between .R<LYS 365>.A<HB2 6> and .R<MOL 367>.A<H16 47>
Warning: Close contact of 0.666976 angstroms between .R<LYS 365>.A<CB 5> and .R<MOL 367>.A<H16 47>
Warning: Close contact of 1.390408 angstroms between .R<LYS 365>.A<CB 5> and .R<MOL 367>.A<C20 20>
Warning: Close contact of 0.945462 angstroms between .R<LYS 365>.A<HA 4> and .R<MOL 367>.A<H15 46>
Warning: Close contact of 1.241548 angstroms between .R<LYS 365>.A<CA 3> and .R<MOL 367>.A<H16 47>
Warning: Close contact of 1.292028 angstroms between .R<LYS 365>.A<CA 3> and .R<MOL 367>.A<H15 46>
Warning: Close contact of 1.272713 angstroms between .R<LYS 365>.A<CA 3> and .R<MOL 367>.A<C20 20>
Warning: Close contact of 1.449875 angstroms between .R<LYS 365>.A<H 2> and .R<MOL 367>.A<H18 49>
Warning: Close contact of 0.698688 angstroms between .R<LYS 365>.A<H 2> and .R<MOL 367>.A<H17 48>
Warning: Close contact of 0.688464 angstroms between .R<LYS 365>.A<H 2> and .R<MOL 367>.A<C21 21>
Warning: Close contact of 1.484450 angstroms between .R<LYS 365>.A<H 2> and .R<MOL 367>.A<C20 20>
Warning: Close contact of 1.491687 angstroms between .R<LYS 365>.A<N 1> and .R<MOL 367>.A<H18 49>
Warning: Close contact of 1.378586 angstroms between .R<LYS 365>.A<N 1> and .R<MOL 367>.A<H17 48>
Warning: Close contact of 1.207717 angstroms between .R<LYS 365>.A<N 1> and .R<MOL 367>.A<C22 22>
Warning: Close contact of 0.496573 angstroms between .R<LYS 365>.A<N 1> and .R<MOL 367>.A<C21 21>
Warning: Close contact of 1.452160 angstroms between .R<LYS 365>.A<N 1> and .R<MOL 367>.A<C20 20>
Warning: Close contact of 0.934654 angstroms between .R<THR 364>.A<O 14> and .R<MOL 367>.A<H20 51>
Warning: Close contact of 1.443992 angstroms between .R<THR 364>.A<O 14> and .R<MOL 367>.A<C23 23>
Warning: Close contact of 1.193489 angstroms between .R<THR 364>.A<O 14> and .R<MOL 367>.A<C22 22>
Warning: Close contact of 1.381953 angstroms between .R<THR 364>.A<C 13> and .R<MOL 367>.A<H20 51>
Warning: Close contact of 1.278323 angstroms between .R<THR 364>.A<C 13> and .R<MOL 367>.A<C23 23>
Warning: Close contact of 0.784769 angstroms between .R<THR 364>.A<C 13> and .R<MOL 367>.A<C22 22>
Warning: Close contact of 1.427254 angstroms between .R<THR 364>.A<C 13> and .R<MOL 367>.A<C21 21>
Warning: Close contact of 1.374155 angstroms between .R<THR 364>.A<OG1 11> and .R<MOL 367>.A<H21 52>
Warning: Close contact of 1.225925 angstroms between .R<THR 364>.A<HB 6> and .R<MOL 367>.A<H17 48>
Warning: Close contact of 0.998330 angstroms between .R<THR 364>.A<CA 3> and .R<MOL 367>.A<H22 53>
Warning: Close contact of 1.275343 angstroms between .R<THR 364>.A<H 2> and .R<GLN 363>.A<HG3 10>
Warning: Close contact of 0.892093 angstroms between .R<THR 364>.A<N 1> and .R<MOL 367>.A<H22 53>
Warning: Close contact of 0.298800 angstroms between .R<GLN 363>.A<HG3 10> and .R<MOL 367>.A<H23 54>
Warning: Close contact of 1.247648 angstroms between .R<GLN 363>.A<HG3 10> and .R<MOL 367>.A<C24 24>
Warning: Close contact of 0.578279 angstroms between .R<GLN 363>.A<HG2 9> and .R<MOL 367>.A<H24 55>
Warning: Close contact of 1.277277 angstroms between .R<GLN 363>.A<HG2 9> and .R<MOL 367>.A<C24 24>
Warning: Close contact of 0.884308 angstroms between .R<GLN 363>.A<CG 8> and .R<MOL 367>.A<H23 54>
Warning: Close contact of 1.441296 angstroms between .R<GLN 363>.A<CG 8> and .R<MOL 367>.A<C24 24>
Warning: Close contact of 1.452889 angstroms between .R<GLY 347>.A<HA3 5> and .R<GLY 343>.A<H 2>
Warning: Close contact of 1.119960 angstroms between .R<GLY 343>.A<HA3 5> and .R<LYS 342>.A<HA 4>
Warning: Close contact of 1.121777 angstroms between .R<GLN 291>.A<HE21 14> and .R<LYS 281>.A<HZ1 18>
Warning: Close contact of 1.371722 angstroms between .R<GLY 185>.A<H 2> and .R<NMET 184>.A<HB3 9>
Warning: Close contact of 1.200475 angstroms between .R<GLY 160>.A<HA3 5> and .R<GLY 164>.A<HA2 4>
Checking parameters for unit 'complex'.
Checking for bond parameters.
Checking for angle parameters.
check:  Warnings: 76
Unit is OK.
Total unperturbed charge:  -1.999977
Total perturbed charge:    -1.999977
Checking Unit.
Building topology.
Building atom parameters.
Building bond parameters.
Building angle parameters.
Building proper torsion parameters.
Building improper torsion parameters.
 total 15 improper torsions applied
Building H-Bond parameters.
Incorporating Non-Bonded adjustments.
Not Marking per-residue atom chain types.
Marking per-residue atom chain types.
  (Residues lacking connect0/connect1 - 
   these don't have chain types marked:

	res	total affected

	MOL	1
  )
 (no restraints)
Checking Unit.
WARNING: The unperturbed charge of the unit: -2.000000 is not zero.

 -- ignoring the warning.

Building topology.
Building atom parameters.
Building bond parameters.
Building angle parameters.
Building proper torsion parameters.
Building improper torsion parameters.
 total 1118 improper torsions applied
Building H-Bond parameters.
Incorporating Non-Bonded adjustments.
Not Marking per-residue atom chain types.
Marking per-residue atom chain types.
  (Residues lacking connect0/connect1 - 
   these don't have chain types marked:

	res	total affected

	CGLU	2
	NMET	2
  )
 (no restraints)
Checking Unit.
WARNING: The unperturbed charge of the unit: -1.999977 is not zero.

 -- ignoring the warning.

Building topology.
Building atom parameters.
Building bond parameters.
Building angle parameters.
Building proper torsion parameters.
Building improper torsion parameters.
 total 1133 improper torsions applied
Building H-Bond parameters.
Incorporating Non-Bonded adjustments.
Not Marking per-residue atom chain types.
Marking per-residue atom chain types.
  (Residues lacking connect0/connect1 - 
   these don't have chain types marked:

	res	total affected

	CGLU	2
	MOL	1
	NMET	2
  )
 (no restraints)
	Quit
