-I: Adding /usr/local/amber11/dat/leap/prep to search path.
-I: Adding /usr/local/amber11/dat/leap/lib to search path.
-I: Adding /usr/local/amber11/dat/leap/parm to search path.
-I: Adding /usr/local/amber11/dat/leap/cmd to search path.
-f: Source setup.leap.in.

Welcome to LEaP!
(no leaprc in search path)
Sourcing: ./setup.leap.in
----- Source: /usr/local/amber11/dat/leap/cmd/leaprc.ff99SB
----- Source of /usr/local/amber11/dat/leap/cmd/leaprc.ff99SB done
Log file: ./leap.log
Loading parameters: /usr/local/amber11/dat/leap/parm/parm99.dat
Reading title:
PARM99 for DNA,RNA,AA, organic molecules, TIP3P wat. Polariz.& LP incl.02/04/99
Loading parameters: /usr/local/amber11/dat/leap/parm/frcmod.ff99SB
Reading force field modification type file (frcmod)
Reading title:
Modification/update of parm99.dat (Hornak & Simmerling)
Loading library: /usr/local/amber11/dat/leap/lib/all_nucleic94.lib
Loading library: /usr/local/amber11/dat/leap/lib/all_amino94.lib
Loading library: /usr/local/amber11/dat/leap/lib/all_aminoct94.lib
Loading library: /usr/local/amber11/dat/leap/lib/all_aminont94.lib
Loading library: /usr/local/amber11/dat/leap/lib/ions94.lib
Loading library: /usr/local/amber11/dat/leap/lib/solvents.lib
----- Source: /usr/local/amber11/dat/leap/cmd/leaprc.gaff
----- Source of /usr/local/amber11/dat/leap/cmd/leaprc.gaff done
Log file: ./leap.log
Loading parameters: /usr/local/amber11/dat/leap/parm/gaff.dat
Reading title:
AMBER General Force Field for organic molecules (Version 1.4, March 2010) add. info. at the end
Using H(N)-modified Bondi radii
Loading PDB file: ../../../test/3NF8_A.modeller.pdb
  total atoms in file: 1410
  Leap added 1384 missing atoms according to residue templates:
       1384 H / lone pairs
Loading PDB file: ../../../test/3NF8_B.modeller.pdb
  total atoms in file: 1410
  Leap added 1384 missing atoms according to residue templates:
       1384 H / lone pairs
Loading parameters: ./ligand.frcmod
Reading force field modification type file (frcmod)
Reading title:
remark goes here
Loading Mol2 file: ./ligand.gaff.mol2
Reading MOLECULE named AVX38753_1
Checking 'complex'....
WARNING: The unperturbed charge of the unit: -1.000019 is not zero.
Warning: Close contact of 0.218948 angstroms between .R<CGLU 366>.A<OXT 16> and .R<THR 181>.A<HG22 9>
Warning: Close contact of 1.440785 angstroms between .R<CGLU 366>.A<OXT 16> and .R<THR 181>.A<CG2 7>
Warning: Close contact of 2.212049 angstroms between .R<CGLU 366>.A<OE1 12> and .R<GLN 180>.A<HE21 14>
Warning: Close contact of 1.869058 angstroms between .R<CGLU 366>.A<HG3 10> and .R<GLN 180>.A<HE22 15>
Warning: Close contact of 0.426950 angstroms between .R<LYS 365>.A<O 22> and .R<MOL 367>.A<H3 43>
Warning: Close contact of 1.114986 angstroms between .R<LYS 365>.A<C 21> and .R<MOL 367>.A<H3 43>
Warning: Close contact of 0.788747 angstroms between .R<LYS 365>.A<HZ3 20> and .R<MOL 367>.A<H22 62>
Warning: Close contact of 2.236002 angstroms between .R<LYS 365>.A<HZ3 20> and .R<MOL 367>.A<C28 28>
Warning: Close contact of 2.065561 angstroms between .R<LYS 365>.A<NZ 17> and .R<MOL 367>.A<H22 62>
Warning: Close contact of 1.093102 angstroms between .R<LYS 365>.A<HE3 16> and .R<MOL 367>.A<H23 63>
Warning: Close contact of 2.216382 angstroms between .R<LYS 365>.A<HE3 16> and .R<MOL 367>.A<H10 50>
Warning: Close contact of 1.809245 angstroms between .R<LYS 365>.A<CE 14> and .R<MOL 367>.A<H23 63>
Warning: Close contact of 1.143320 angstroms between .R<LYS 365>.A<HD3 13> and .R<MOL 367>.A<C16 16>
Warning: Close contact of 1.929511 angstroms between .R<LYS 365>.A<HD3 13> and .R<MOL 367>.A<C11 11>
Warning: Close contact of 0.820325 angstroms between .R<LYS 365>.A<HD3 13> and .R<MOL 367>.A<C10 10>
Warning: Close contact of 1.007980 angstroms between .R<LYS 365>.A<HD2 12> and .R<MOL 367>.A<C16 16>
Warning: Close contact of 0.861509 angstroms between .R<LYS 365>.A<HD2 12> and .R<MOL 367>.A<C13 13>
Warning: Close contact of 2.082877 angstroms between .R<LYS 365>.A<CD 11> and .R<MOL 367>.A<C28 28>
Warning: Close contact of 0.011161 angstroms between .R<LYS 365>.A<CD 11> and .R<MOL 367>.A<C16 16>
Warning: Close contact of 2.245829 angstroms between .R<LYS 365>.A<CD 11> and .R<MOL 367>.A<C13 13>
Warning: Close contact of 1.814936 angstroms between .R<LYS 365>.A<CD 11> and .R<MOL 367>.A<C10 10>
Warning: Close contact of 0.577237 angstroms between .R<LYS 365>.A<HG3 10> and .R<MOL 367>.A<H31 71>
Warning: Close contact of 2.215397 angstroms between .R<LYS 365>.A<HG3 10> and .R<MOL 367>.A<N2 33>
Warning: Close contact of 1.671247 angstroms between .R<LYS 365>.A<HG2 9> and .R<MOL 367>.A<H24 64>
Warning: Close contact of 1.112650 angstroms between .R<LYS 365>.A<HG2 9> and .R<MOL 367>.A<N2 33>
Warning: Close contact of 0.995099 angstroms between .R<LYS 365>.A<HG2 9> and .R<MOL 367>.A<C29 29>
Warning: Close contact of 1.900494 angstroms between .R<LYS 365>.A<CG 8> and .R<MOL 367>.A<H24 64>
Warning: Close contact of 2.241589 angstroms between .R<LYS 365>.A<CG 8> and .R<MOL 367>.A<N2 33>
Warning: Close contact of 1.898219 angstroms between .R<LYS 365>.A<HB3 7> and .R<MOL 367>.A<H24 64>
Warning: Close contact of 1.335425 angstroms between .R<LYS 365>.A<CB 5> and .R<MOL 367>.A<H24 64>
Warning: Close contact of 1.980274 angstroms between .R<LYS 365>.A<HA 4> and .R<MOL 367>.A<H25 65>
Warning: Close contact of 1.545429 angstroms between .R<LYS 365>.A<H 2> and .R<MOL 367>.A<C7 7>
Warning: Close contact of 0.711877 angstroms between .R<LYS 365>.A<N 1> and .R<MOL 367>.A<H7 47>
Warning: Close contact of 0.475348 angstroms between .R<LYS 365>.A<N 1> and .R<MOL 367>.A<C7 7>
Warning: Close contact of 0.898406 angstroms between .R<THR 364>.A<C 13> and .R<MOL 367>.A<H7 47>
Warning: Close contact of 1.029065 angstroms between .R<THR 364>.A<C 13> and .R<MOL 367>.A<C7 7>
Warning: Close contact of 1.441132 angstroms between .R<THR 364>.A<HG1 12> and .R<MOL 367>.A<H4 44>
Warning: Close contact of 1.541770 angstroms between .R<THR 364>.A<HG1 12> and .R<MOL 367>.A<C8 8>
Warning: Close contact of 0.971066 angstroms between .R<THR 364>.A<HG1 12> and .R<MOL 367>.A<C4 4>
Warning: Close contact of 1.163650 angstroms between .R<THR 364>.A<OG1 11> and .R<MOL 367>.A<C8 8>
Warning: Close contact of 1.707866 angstroms between .R<THR 364>.A<OG1 11> and .R<MOL 367>.A<C4 4>
Warning: Close contact of 1.232436 angstroms between .R<THR 364>.A<HG23 10> and .R<MOL 367>.A<H19 59>
Warning: Close contact of 1.245172 angstroms between .R<THR 364>.A<HG22 9> and .R<MOL 367>.A<H8 48>
Warning: Close contact of 1.765174 angstroms between .R<THR 364>.A<CG2 7> and .R<MOL 367>.A<H8 48>
Warning: Close contact of 1.002588 angstroms between .R<THR 364>.A<HB 6> and .R<MOL 367>.A<C14 14>
Warning: Close contact of 1.124584 angstroms between .R<THR 364>.A<HB 6> and .R<MOL 367>.A<C8 8>
Warning: Close contact of 1.828338 angstroms between .R<THR 364>.A<CB 5> and .R<MOL 367>.A<H8 48>
Warning: Close contact of 0.955146 angstroms between .R<THR 364>.A<CB 5> and .R<MOL 367>.A<C14 14>
Warning: Close contact of 0.885782 angstroms between .R<THR 364>.A<CB 5> and .R<MOL 367>.A<C8 8>
Warning: Close contact of 1.821657 angstroms between .R<THR 364>.A<HA 4> and .R<MOL 367>.A<H19 59>
Warning: Close contact of 0.209329 angstroms between .R<THR 364>.A<HA 4> and .R<MOL 367>.A<H18 58>
Warning: Close contact of 0.567154 angstroms between .R<THR 364>.A<HA 4> and .R<MOL 367>.A<C26 26>
Warning: Close contact of 1.868291 angstroms between .R<THR 364>.A<CA 3> and .R<MOL 367>.A<H18 58>
Warning: Close contact of 1.703138 angstroms between .R<THR 364>.A<CA 3> and .R<MOL 367>.A<C26 26>
Warning: Close contact of 1.692790 angstroms between .R<THR 364>.A<CA 3> and .R<MOL 367>.A<C14 14>
Warning: Close contact of 1.626500 angstroms between .R<THR 364>.A<H 2> and .R<GLN 363>.A<HG3 10>
Warning: Close contact of 2.110886 angstroms between .R<GLY 347>.A<HA3 5> and .R<GLY 343>.A<H 2>
Warning: Close contact of 1.254309 angstroms between .R<GLY 343>.A<HA3 5> and .R<LYS 342>.A<HA 4>
Warning: Close contact of 1.258383 angstroms between .R<GLN 291>.A<HE21 14> and .R<LYS 281>.A<HZ1 18>
Warning: Close contact of 1.881621 angstroms between .R<GLY 185>.A<H 2> and .R<NMET 184>.A<HB3 9>
Warning: Close contact of 1.441141 angstroms between .R<GLY 160>.A<HA3 5> and .R<GLY 164>.A<HA2 4>
Warning: Close contact of 1.709076 angstroms between .R<CGLU 183>.A<OE2 13> and .R<MOL 367>.A<O3 36>
Warning: Close contact of 1.866483 angstroms between .R<CGLU 183>.A<OE1 12> and .R<MOL 367>.A<O3 36>
Warning: Close contact of 1.160421 angstroms between .R<CGLU 183>.A<CD 11> and .R<MOL 367>.A<O3 36>
Warning: Close contact of 1.723902 angstroms between .R<CGLU 183>.A<CD 11> and .R<MOL 367>.A<C23 23>
Checking parameters for unit 'complex'.
Checking for bond parameters.
Checking for angle parameters.
check:  Warnings: 66
Unit is OK.
Total unperturbed charge:  -1.000019
Total perturbed charge:    -1.000019
Checking Unit.
WARNING: The unperturbed charge of the unit: 0.999981 is not zero.

 -- ignoring the warning.

Building topology.
Building atom parameters.
Building bond parameters.
Building angle parameters.
Building proper torsion parameters.
Building improper torsion parameters.
 total 24 improper torsions applied
Building H-Bond parameters.
Not Marking per-residue atom chain types.
Marking per-residue atom chain types.
  (Residues lacking connect0/connect1 - 
   these don't have chain types marked:

	res	total affected

	MOL	1
  )
 (no restraints)
Checking Unit.
WARNING: The unperturbed charge of the unit: -2.000000 is not zero.

 -- ignoring the warning.

Building topology.
Building atom parameters.
Building bond parameters.
Building angle parameters.
Building proper torsion parameters.
Building improper torsion parameters.
 total 1118 improper torsions applied
Building H-Bond parameters.
Not Marking per-residue atom chain types.
Marking per-residue atom chain types.
  (Residues lacking connect0/connect1 - 
   these don't have chain types marked:

	res	total affected

	CGLU	2
	NMET	2
  )
 (no restraints)
Checking Unit.
WARNING: The unperturbed charge of the unit: -1.000019 is not zero.

 -- ignoring the warning.

Building topology.
Building atom parameters.
Building bond parameters.
Building angle parameters.
Building proper torsion parameters.
Building improper torsion parameters.
 total 1142 improper torsions applied
Building H-Bond parameters.
Not Marking per-residue atom chain types.
Marking per-residue atom chain types.
  (Residues lacking connect0/connect1 - 
   these don't have chain types marked:

	res	total affected

	CGLU	2
	MOL	1
	NMET	2
  )
 (no restraints)
	Quit
